#
# There is insufficient memory for the Java Runtime Environment to continue.
# Native memory allocation (malloc) failed to allocate 97936 bytes for Chunk::new
# Possible reasons:
#   The system is out of physical RAM or swap space
#   The process is running with CompressedOops enabled, and the Java Heap may be blocking the growth of the native heap
# Possible solutions:
#   Reduce memory load on the system
#   Increase physical memory or swap space
#   Check if swap backing store is full
#   Decrease Java heap size (-Xmx/-Xms)
#   Decrease number of Java threads
#   Decrease Java thread stack sizes (-Xss)
#   Set larger code cache with -XX:ReservedCodeCacheSize=
#   JVM is running with Unscaled Compressed Oops mode in which the Java heap is
#     placed in the first 4GB address space. The Java Heap base address is the
#     maximum limit for the native heap growth. Please use -XX:HeapBaseMinAddress
#     to set the Java Heap base and to place the Java Heap above 4GB virtual address.
# This output file may be truncated or incomplete.
#
#  Out of Memory Error (./src/hotspot/share/memory/arena.cpp:197), pid=5720, tid=5696
#
# JRE version: OpenJDK Runtime Environment (11.0.12+7) (build 11.0.12+7-b1504.28-7817840)
# Java VM: OpenJDK 64-Bit Server VM (11.0.12+7-b1504.28-7817840, mixed mode, tiered, compressed oops, g1 gc, windows-amd64)
# No core dump will be written. Minidumps are not enabled by default on client versions of Windows
#

---------------  S U M M A R Y ------------

Command Line: --add-opens=java.base/java.util=ALL-UNNAMED --add-opens=java.base/java.lang=ALL-UNNAMED --add-opens=java.base/java.lang.invoke=ALL-UNNAMED --add-opens=java.base/java.util=ALL-UNNAMED --add-opens=java.prefs/java.util.prefs=ALL-UNNAMED --add-opens=java.prefs/java.util.prefs=ALL-UNNAMED --add-opens=java.base/java.nio.charset=ALL-UNNAMED --add-opens=java.base/java.net=ALL-UNNAMED --add-opens=java.base/java.util.concurrent.atomic=ALL-UNNAMED -Xmx2048m -Dfile.encoding=UTF-8 -Duser.country=RU -Duser.language=ru -Duser.variant org.gradle.launcher.daemon.bootstrap.GradleDaemon 7.3.3

Host: Intel(R) Core(TM) i5-2500 CPU @ 3.30GHz, 4 cores, 7G,  Windows 7 , 64 bit Build 7601 (6.1.7601.23572)
Time: Tue Jun  7 15:22:13 2022 RTZ 2 (ceia) elapsed time: 470.815051 seconds (0d 0h 7m 50s)

---------------  T H R E A D  ---------------

Current thread (0x000000005d949800):  JavaThread "C2 CompilerThread0" daemon [_thread_in_native, id=5696, stack(0x000000005dfa0000,0x000000005e0a0000)]


Current CompileTask:
C2: 470815 12000       4       org.gradle.cache.internal.btree.KeyHasher$MessageDigestStream::write (11 bytes)

Stack: [0x000000005dfa0000,0x000000005e0a0000]
Native frames: (J=compiled Java code, j=interpreted, Vv=VM code, C=native code)
V  [jvm.dll+0x5fbcea]
V  [jvm.dll+0x731905]
V  [jvm.dll+0x732f1d]
V  [jvm.dll+0x7335d3]
V  [jvm.dll+0x247bf8]
V  [jvm.dll+0xc018c]
V  [jvm.dll+0xc06cc]
V  [jvm.dll+0x35b31d]
V  [jvm.dll+0x19cebc]
V  [jvm.dll+0x20070e]
V  [jvm.dll+0x1ff794]
V  [jvm.dll+0x18868c]
V  [jvm.dll+0x20e0d7]
V  [jvm.dll+0x20c901]
V  [jvm.dll+0x6f9b7f]
V  [jvm.dll+0x6f26a5]
V  [jvm.dll+0x5fabf6]
C  [ucrtbase.DLL+0x6be1d]
C  [kernel32.dll+0x159cd]
C  [ntdll.dll+0x2a561]


---------------  P R O C E S S  ---------------

Threads class SMR info:
_java_thread_list=0x00000000616e9640, length=76, elements={
0x00000000003ec000, 0x000000001cd5f800, 0x000000005d921000, 0x000000005d940000,
0x000000005d943000, 0x000000005d944800, 0x000000005d949800, 0x000000005d94b000,
0x000000005d955000, 0x000000005e9d4000, 0x000000006038e800, 0x00000000613db800,
0x000000005fd2d800, 0x0000000061218000, 0x0000000061219000, 0x0000000061219800,
0x000000006121d800, 0x000000005eaf2000, 0x000000005eaf2800, 0x000000005eaf4000,
0x000000005eaf6000, 0x0000000061b28800, 0x0000000061b2a800, 0x0000000061217000,
0x000000006121b800, 0x000000006121a800, 0x000000006121d000, 0x000000006121c000,
0x0000000061b26000, 0x0000000061b28000, 0x0000000061b27000, 0x0000000061b2c000,
0x0000000061b2b000, 0x0000000061b2c800, 0x000000005eaf7800, 0x000000005eaf5000,
0x000000005eaf6800, 0x0000000061dd3800, 0x0000000061dd4800, 0x0000000061dd5000,
0x0000000061dd6000, 0x0000000061dd7000, 0x0000000061dd7800, 0x0000000061dd8800,
0x0000000061dd9000, 0x0000000061dda000, 0x0000000061641800, 0x0000000061642000,
0x0000000061643000, 0x0000000061643800, 0x0000000061644800, 0x0000000061645800,
0x0000000061646000, 0x0000000061647000, 0x0000000061648000, 0x0000000062c03800,
0x0000000062c04800, 0x0000000062c05000, 0x0000000062c06000, 0x0000000062c07000,
0x0000000062c07800, 0x0000000062c08800, 0x0000000062c09000, 0x0000000062c0a000,
0x0000000061998000, 0x0000000061998800, 0x0000000061999800, 0x000000006199a800,
0x000000006199b000, 0x000000006199c000, 0x000000006199d000, 0x000000006199d800,
0x000000006199e800, 0x0000000066826000, 0x0000000066827000, 0x0000000066828000
}

Java Threads: ( => current thread )
  0x00000000003ec000 JavaThread "main" [_thread_blocked, id=7744, stack(0x00000000021f0000,0x00000000022f0000)]
  0x000000001cd5f800 JavaThread "Reference Handler" daemon [_thread_blocked, id=5888, stack(0x000000005dc20000,0x000000005dd20000)]
  0x000000005d921000 JavaThread "Finalizer" daemon [_thread_blocked, id=6436, stack(0x000000005dd70000,0x000000005de70000)]
  0x000000005d940000 JavaThread "Signal Dispatcher" daemon [_thread_blocked, id=6428, stack(0x000000005e0c0000,0x000000005e1c0000)]
  0x000000005d943000 JavaThread "Attach Listener" daemon [_thread_blocked, id=2880, stack(0x000000005e310000,0x000000005e410000)]
  0x000000005d944800 JavaThread "Service Thread" daemon [_thread_blocked, id=1312, stack(0x000000005e210000,0x000000005e310000)]
=>0x000000005d949800 JavaThread "C2 CompilerThread0" daemon [_thread_in_native, id=5696, stack(0x000000005dfa0000,0x000000005e0a0000)]
  0x000000005d94b000 JavaThread "C1 CompilerThread0" daemon [_thread_blocked, id=5804, stack(0x000000005e4d0000,0x000000005e5d0000)]
  0x000000005d955000 JavaThread "Sweeper thread" daemon [_thread_blocked, id=5688, stack(0x000000005e7a0000,0x000000005e8a0000)]
  0x000000005e9d4000 JavaThread "Common-Cleaner" daemon [_thread_blocked, id=5740, stack(0x000000005ed30000,0x000000005ee30000)]
  0x000000006038e800 JavaThread "Daemon health stats" [_thread_blocked, id=5656, stack(0x00000000632b0000,0x00000000633b0000)]
  0x00000000613db800 JavaThread "Incoming local TCP Connector on port 3742" [_thread_in_native, id=6736, stack(0x00000000631a0000,0x00000000632a0000)]
  0x000000005fd2d800 JavaThread "Daemon periodic checks" [_thread_blocked, id=6872, stack(0x0000000062ff0000,0x00000000630f0000)]
  0x0000000061218000 JavaThread "Cache worker for journal cache (C:\Users\Admin\.gradle\caches\journal-1)" [_thread_blocked, id=7872, stack(0x0000000064750000,0x0000000064850000)]
  0x0000000061219000 JavaThread "File lock request listener" [_thread_in_native, id=8180, stack(0x00000000642d0000,0x00000000643d0000)]
  0x0000000061219800 JavaThread "Cache worker for file hash cache (C:\Users\Admin\.gradle\caches\7.3.3\fileHashes)" [_thread_blocked, id=5896, stack(0x00000000649a0000,0x0000000064aa0000)]
  0x000000006121d800 JavaThread "Cache worker for execution history cache (C:\Users\Admin\.gradle\caches\7.3.3\executionHistory)" [_thread_blocked, id=7632, stack(0x00000000648a0000,0x00000000649a0000)]
  0x000000005eaf2000 JavaThread "jar transforms" [_thread_blocked, id=1400, stack(0x0000000065820000,0x0000000065920000)]
  0x000000005eaf2800 JavaThread "Cache worker for file content cache (C:\Users\Admin\.gradle\caches\7.3.3\fileContent)" [_thread_blocked, id=5932, stack(0x00000000660d0000,0x00000000661d0000)]
  0x000000005eaf4000 JavaThread "jar transforms Thread 2" [_thread_blocked, id=5892, stack(0x00000000677e0000,0x00000000678e0000)]
  0x000000005eaf6000 JavaThread "jar transforms Thread 3" [_thread_blocked, id=6228, stack(0x0000000067d50000,0x0000000067e50000)]
  0x0000000061b28800 JavaThread "jar transforms Thread 4" [_thread_blocked, id=7380, stack(0x000000006b2b0000,0x000000006b3b0000)]
  0x0000000061b2a800 JavaThread "Memory manager" [_thread_blocked, id=6000, stack(0x000000006bf20000,0x000000006c020000)]
  0x0000000061217000 JavaThread "Daemon Thread 2" [_thread_blocked, id=6656, stack(0x0000000060d30000,0x0000000060e30000)]
  0x000000006121b800 JavaThread "Handler for socket connection from /127.0.0.1:3742 to /127.0.0.1:3958" [_thread_in_native, id=7120, stack(0x00000000639a0000,0x0000000063aa0000)]
  0x000000006121a800 JavaThread "Cancel handler" [_thread_blocked, id=5984, stack(0x0000000063ba0000,0x0000000063ca0000)]
  0x000000006121d000 JavaThread "Daemon worker Thread 2" [_thread_blocked, id=5248, stack(0x0000000063cd0000,0x0000000063dd0000)]
  0x000000006121c000 JavaThread "Asynchronous log dispatcher for DefaultDaemonConnection: socket connection from /127.0.0.1:3742 to /127.0.0.1:3958" [_thread_blocked, id=1584, stack(0x0000000063f20000,0x0000000064020000)]
  0x0000000061b26000 JavaThread "Stdin handler" [_thread_blocked, id=3420, stack(0x0000000064060000,0x0000000064160000)]
  0x0000000061b28000 JavaThread "Daemon client event forwarder" [_thread_blocked, id=7196, stack(0x0000000065200000,0x0000000065300000)]
  0x0000000061b27000 JavaThread "Cache worker for file hash cache (C:\Users\Admin\AndroidStudioProjects\Android_DZ_1_1\.gradle\7.3.3\fileHashes)" [_thread_blocked, id=1396, stack(0x0000000065700000,0x0000000065800000)]
  0x0000000061b2c000 JavaThread "Cache worker for checksums cache (C:\Users\Admin\AndroidStudioProjects\Android_DZ_1_1\.gradle\7.3.3\checksums)" [_thread_blocked, id=1520, stack(0x0000000064160000,0x0000000064260000)]
  0x0000000061b2b000 JavaThread "Cache worker for cache directory md-supplier (C:\Users\Admin\.gradle\caches\7.3.3\md-supplier)" [_thread_blocked, id=5116, stack(0x00000000676e0000,0x00000000677e0000)]
  0x0000000061b2c800 JavaThread "Cache worker for cache directory md-rule (C:\Users\Admin\.gradle\caches\7.3.3\md-rule)" [_thread_blocked, id=5728, stack(0x0000000067910000,0x0000000067a10000)]
  0x000000005eaf7800 JavaThread "Cache worker for dependencies-accessors (C:\Users\Admin\AndroidStudioProjects\Android_DZ_1_1\.gradle\7.3.3\dependencies-accessors)" [_thread_blocked, id=7824, stack(0x00000000682b0000,0x00000000683b0000)]
  0x000000005eaf5000 JavaThread "Cache worker for Build Output Cleanup Cache (C:\Users\Admin\AndroidStudioProjects\Android_DZ_1_1\.gradle\buildOutputCleanup)" [_thread_blocked, id=4488, stack(0x0000000068780000,0x0000000068880000)]
  0x000000005eaf6800 JavaThread "Unconstrained build operations" [_thread_blocked, id=2464, stack(0x0000000068400000,0x0000000068500000)]
  0x0000000061dd3800 JavaThread "Unconstrained build operations Thread 2" [_thread_blocked, id=7500, stack(0x0000000065930000,0x0000000065a30000)]
  0x0000000061dd4800 JavaThread "Unconstrained build operations Thread 3" [_thread_blocked, id=6316, stack(0x0000000064ec0000,0x0000000064fc0000)]
  0x0000000061dd5000 JavaThread "Unconstrained build operations Thread 4" [_thread_in_native, id=5936, stack(0x0000000068520000,0x0000000068620000)]
  0x0000000061dd6000 JavaThread "Unconstrained build operations Thread 5" [_thread_blocked, id=6600, stack(0x00000000688c0000,0x00000000689c0000)]
  0x0000000061dd7000 JavaThread "Unconstrained build operations Thread 6" [_thread_blocked, id=6988, stack(0x0000000068640000,0x0000000068740000)]
  0x0000000061dd7800 JavaThread "Unconstrained build operations Thread 7" [_thread_blocked, id=6364, stack(0x0000000068a20000,0x0000000068b20000)]
  0x0000000061dd8800 JavaThread "Unconstrained build operations Thread 8" [_thread_blocked, id=6896, stack(0x0000000067a30000,0x0000000067b30000)]
  0x0000000061dd9000 JavaThread "Unconstrained build operations Thread 9" [_thread_blocked, id=6100, stack(0x0000000068bc0000,0x0000000068cc0000)]
  0x0000000061dda000 JavaThread "Unconstrained build operations Thread 10" [_thread_blocked, id=7164, stack(0x0000000063e00000,0x0000000063f00000)]
  0x0000000061641800 JavaThread "Unconstrained build operations Thread 11" [_thread_blocked, id=4128, stack(0x0000000068d70000,0x0000000068e70000)]
  0x0000000061642000 JavaThread "Unconstrained build operations Thread 12" [_thread_blocked, id=6072, stack(0x0000000068ee0000,0x0000000068fe0000)]
  0x0000000061643000 JavaThread "Unconstrained build operations Thread 13" [_thread_blocked, id=796, stack(0x0000000069170000,0x0000000069270000)]
  0x0000000061643800 JavaThread "Unconstrained build operations Thread 14" [_thread_blocked, id=6928, stack(0x0000000069010000,0x0000000069110000)]
  0x0000000061644800 JavaThread "Unconstrained build operations Thread 15" [_thread_blocked, id=6356, stack(0x0000000063aa0000,0x0000000063ba0000)]
  0x0000000061645800 JavaThread "Unconstrained build operations Thread 16" [_thread_blocked, id=6340, stack(0x00000000693f0000,0x00000000694f0000)]
  0x0000000061646000 JavaThread "Unconstrained build operations Thread 17" [_thread_blocked, id=5420, stack(0x0000000069620000,0x0000000069720000)]
  0x0000000061647000 JavaThread "Unconstrained build operations Thread 18" [_thread_blocked, id=6148, stack(0x0000000069500000,0x0000000069600000)]
  0x0000000061648000 JavaThread "Unconstrained build operations Thread 19" [_thread_blocked, id=2904, stack(0x00000000692f0000,0x00000000693f0000)]
  0x0000000062c03800 JavaThread "Unconstrained build operations Thread 20" [_thread_blocked, id=6556, stack(0x00000000697e0000,0x00000000698e0000)]
  0x0000000062c04800 JavaThread "Unconstrained build operations Thread 21" [_thread_blocked, id=4632, stack(0x0000000069a20000,0x0000000069b20000)]
  0x0000000062c05000 JavaThread "Unconstrained build operations Thread 22" [_thread_blocked, id=4736, stack(0x0000000069920000,0x0000000069a20000)]
  0x0000000062c06000 JavaThread "Unconstrained build operations Thread 23" [_thread_blocked, id=7256, stack(0x0000000069bf0000,0x0000000069cf0000)]
  0x0000000062c07000 JavaThread "Unconstrained build operations Thread 24" [_thread_blocked, id=6440, stack(0x0000000069e30000,0x0000000069f30000)]
  0x0000000062c07800 JavaThread "Unconstrained build operations Thread 25" [_thread_blocked, id=7172, stack(0x000000006a030000,0x000000006a130000)]
  0x0000000062c08800 JavaThread "Unconstrained build operations Thread 26" [_thread_blocked, id=7752, stack(0x000000006a200000,0x000000006a300000)]
  0x0000000062c09000 JavaThread "Unconstrained build operations Thread 27" [_thread_blocked, id=6348, stack(0x000000006a400000,0x000000006a500000)]
  0x0000000062c0a000 JavaThread "Unconstrained build operations Thread 28" [_thread_blocked, id=5744, stack(0x000000006a5c0000,0x000000006a6c0000)]
  0x0000000061998000 JavaThread "Unconstrained build operations Thread 29" [_thread_blocked, id=3480, stack(0x000000006a820000,0x000000006a920000)]
  0x0000000061998800 JavaThread "Unconstrained build operations Thread 30" [_thread_blocked, id=3280, stack(0x000000006a9f0000,0x000000006aaf0000)]
  0x0000000061999800 JavaThread "Unconstrained build operations Thread 31" [_thread_blocked, id=6504, stack(0x000000006ab40000,0x000000006ac40000)]
  0x000000006199a800 JavaThread "Unconstrained build operations Thread 32" [_thread_blocked, id=7200, stack(0x0000000069d20000,0x0000000069e20000)]
  0x000000006199b000 JavaThread "Unconstrained build operations Thread 33" [_thread_blocked, id=6252, stack(0x000000006ada0000,0x000000006aea0000)]
  0x000000006199c000 JavaThread "Unconstrained build operations Thread 34" [_thread_blocked, id=196, stack(0x000000006af10000,0x000000006b010000)]
  0x000000006199d000 JavaThread "Unconstrained build operations Thread 35" [_thread_blocked, id=6484, stack(0x000000006b070000,0x000000006b170000)]
  0x000000006199d800 JavaThread "Unconstrained build operations Thread 36" [_thread_blocked, id=7640, stack(0x000000006ac40000,0x000000006ad40000)]
  0x000000006199e800 JavaThread "Unconstrained build operations Thread 37" [_thread_blocked, id=6860, stack(0x000000006a710000,0x000000006a810000)]
  0x0000000066826000 JavaThread "Unconstrained build operations Thread 38" [_thread_blocked, id=7712, stack(0x000000006f680000,0x000000006f780000)]
  0x0000000066827000 JavaThread "Unconstrained build operations Thread 39" [_thread_blocked, id=6864, stack(0x000000006f780000,0x000000006f880000)]
  0x0000000066828000 JavaThread "Unconstrained build operations Thread 40" [_thread_blocked, id=6664, stack(0x000000006f8f0000,0x000000006f9f0000)]

Other Threads:
  0x000000001cd5a800 VMThread "VM Thread" [stack: 0x000000005da90000,0x000000005db90000] [id=4792]
  0x000000005e9f7800 WatcherThread [stack: 0x000000005ef20000,0x000000005f020000] [id=5812]
  0x0000000000414800 GCTaskThread "GC Thread#0" [stack: 0x00000000155a0000,0x00000000156a0000] [id=912]
  0x000000005f476000 GCTaskThread "GC Thread#1" [stack: 0x0000000060aa0000,0x0000000060ba0000] [id=6488]
  0x000000005fbc0800 GCTaskThread "GC Thread#2" [stack: 0x0000000060ba0000,0x0000000060ca0000] [id=5816]
  0x00000000606ca000 GCTaskThread "GC Thread#3" [stack: 0x00000000643d0000,0x00000000644d0000] [id=1920]
  0x0000000000444800 ConcurrentGCThread "G1 Main Marker" [stack: 0x000000001a720000,0x000000001a820000] [id=6672]
  0x0000000000446000 ConcurrentGCThread "G1 Conc#0" [stack: 0x000000001a5e0000,0x000000001a6e0000] [id=820]
  0x000000001ccbb000 ConcurrentGCThread "G1 Refine#0" [stack: 0x000000001cda0000,0x000000001cea0000] [id=5424]
  0x000000001ccbc800 ConcurrentGCThread "G1 Young RemSet Sampling" [stack: 0x000000001cef0000,0x000000001cff0000] [id=5148]

Threads with active compile tasks:
C2 CompilerThread0 471322 12000       4       org.gradle.cache.internal.btree.KeyHasher$MessageDigestStream::write (11 bytes)

VM state:not at safepoint (normal execution)

VM Mutex/Monitor currently owned by a thread: None

Heap address: 0x0000000080000000, size: 2048 MB, Compressed Oops mode: 32-bit
Narrow klass base: 0x0000000000000000, Narrow klass shift: 0
Compressed class space size: 1073741824 Address: 0x000000001cff0000

Heap:
 garbage-first heap   total 131072K, used 101653K [0x0000000080000000, 0x0000000100000000)
  region size 1024K, 18 young (18432K), 3 survivors (3072K)
 Metaspace       used 92910K, capacity 94946K, committed 95100K, reserved 1132544K
  class space    used 11981K, capacity 12743K, committed 12800K, reserved 1048576K
Heap Regions: E=young(eden), S=young(survivor), O=old, HS=humongous(starts), HC=humongous(continues), CS=collection set, F=free, A=archive, TAMS=top-at-mark-start (previous, next)
|   0|0x0000000080000000, 0x0000000080100000, 0x0000000080100000|100%| O|  |TAMS 0x0000000080100000, 0x0000000080000000| Untracked 
|   1|0x0000000080100000, 0x0000000080200000, 0x0000000080200000|100%| O|  |TAMS 0x0000000080200000, 0x0000000080100000| Untracked 
|   2|0x0000000080200000, 0x0000000080300000, 0x0000000080300000|100%| O|  |TAMS 0x0000000080300000, 0x0000000080200000| Untracked 
|   3|0x0000000080300000, 0x0000000080400000, 0x0000000080400000|100%|HS|  |TAMS 0x0000000080400000, 0x0000000080300000| Complete 
|   4|0x0000000080400000, 0x0000000080500000, 0x0000000080500000|100%|HC|  |TAMS 0x0000000080500000, 0x0000000080400000| Complete 
|   5|0x0000000080500000, 0x0000000080600000, 0x0000000080600000|100%|HC|  |TAMS 0x0000000080600000, 0x0000000080500000| Complete 
|   6|0x0000000080600000, 0x0000000080700000, 0x0000000080700000|100%| O|  |TAMS 0x0000000080700000, 0x0000000080600000| Untracked 
|   7|0x0000000080700000, 0x0000000080800000, 0x0000000080800000|100%| O|  |TAMS 0x0000000080800000, 0x0000000080700000| Untracked 
|   8|0x0000000080800000, 0x0000000080900000, 0x0000000080900000|100%| O|  |TAMS 0x0000000080900000, 0x0000000080800000| Untracked 
|   9|0x0000000080900000, 0x0000000080a00000, 0x0000000080a00000|100%| O|  |TAMS 0x0000000080a00000, 0x0000000080900000| Untracked 
|  10|0x0000000080a00000, 0x0000000080b00000, 0x0000000080b00000|100%| O|  |TAMS 0x0000000080b00000, 0x0000000080a00000| Untracked 
|  11|0x0000000080b00000, 0x0000000080c00000, 0x0000000080c00000|100%| O|  |TAMS 0x0000000080c00000, 0x0000000080b00000| Untracked 
|  12|0x0000000080c00000, 0x0000000080d00000, 0x0000000080d00000|100%| O|  |TAMS 0x0000000080d00000, 0x0000000080c00000| Untracked 
|  13|0x0000000080d00000, 0x0000000080e00000, 0x0000000080e00000|100%| O|  |TAMS 0x0000000080e00000, 0x0000000080d00000| Untracked 
|  14|0x0000000080e00000, 0x0000000080f00000, 0x0000000080f00000|100%| O|  |TAMS 0x0000000080f00000, 0x0000000080e00000| Untracked 
|  15|0x0000000080f00000, 0x0000000081000000, 0x0000000081000000|100%| O|  |TAMS 0x0000000081000000, 0x0000000080f00000| Untracked 
|  16|0x0000000081000000, 0x0000000081100000, 0x0000000081100000|100%| O|  |TAMS 0x0000000081100000, 0x0000000081000000| Untracked 
|  17|0x0000000081100000, 0x0000000081200000, 0x0000000081200000|100%| O|  |TAMS 0x0000000081200000, 0x0000000081100000| Untracked 
|  18|0x0000000081200000, 0x0000000081300000, 0x0000000081300000|100%| O|  |TAMS 0x0000000081300000, 0x0000000081200000| Untracked 
|  19|0x0000000081300000, 0x0000000081400000, 0x0000000081400000|100%| O|  |TAMS 0x0000000081400000, 0x0000000081300000| Untracked 
|  20|0x0000000081400000, 0x0000000081500000, 0x0000000081500000|100%| O|  |TAMS 0x0000000081500000, 0x0000000081400000| Untracked 
|  21|0x0000000081500000, 0x0000000081600000, 0x0000000081600000|100%| O|  |TAMS 0x0000000081600000, 0x0000000081500000| Untracked 
|  22|0x0000000081600000, 0x0000000081700000, 0x0000000081700000|100%| O|  |TAMS 0x0000000081700000, 0x0000000081600000| Untracked 
|  23|0x0000000081700000, 0x0000000081800000, 0x0000000081800000|100%| O|  |TAMS 0x0000000081800000, 0x0000000081700000| Untracked 
|  24|0x0000000081800000, 0x0000000081900000, 0x0000000081900000|100%| O|  |TAMS 0x0000000081900000, 0x0000000081800000| Untracked 
|  25|0x0000000081900000, 0x0000000081a00000, 0x0000000081a00000|100%| O|  |TAMS 0x0000000081a00000, 0x0000000081900000| Untracked 
|  26|0x0000000081a00000, 0x0000000081b00000, 0x0000000081b00000|100%|HS|  |TAMS 0x0000000081b00000, 0x0000000081a00000| Complete 
|  27|0x0000000081b00000, 0x0000000081c00000, 0x0000000081c00000|100%|HS|  |TAMS 0x0000000081c00000, 0x0000000081b00000| Complete 
|  28|0x0000000081c00000, 0x0000000081d00000, 0x0000000081d00000|100%|HS|  |TAMS 0x0000000081d00000, 0x0000000081c00000| Complete 
|  29|0x0000000081d00000, 0x0000000081e00000, 0x0000000081e00000|100%|HS|  |TAMS 0x0000000081e00000, 0x0000000081d00000| Complete 
|  30|0x0000000081e00000, 0x0000000081f00000, 0x0000000081f00000|100%|HC|  |TAMS 0x0000000081f00000, 0x0000000081e00000| Complete 
|  31|0x0000000081f00000, 0x0000000082000000, 0x0000000082000000|100%|HC|  |TAMS 0x0000000082000000, 0x0000000081f00000| Complete 
|  32|0x0000000082000000, 0x0000000082100000, 0x0000000082100000|100%|HS|  |TAMS 0x0000000082100000, 0x0000000082000000| Complete 
|  33|0x0000000082100000, 0x0000000082200000, 0x0000000082200000|100%|HC|  |TAMS 0x0000000082200000, 0x0000000082100000| Complete 
|  34|0x0000000082200000, 0x0000000082300000, 0x0000000082300000|100%| O|  |TAMS 0x0000000082300000, 0x0000000082200000| Untracked 
|  35|0x0000000082300000, 0x0000000082400000, 0x0000000082400000|100%| O|  |TAMS 0x0000000082400000, 0x0000000082300000| Untracked 
|  36|0x0000000082400000, 0x0000000082500000, 0x0000000082500000|100%| O|  |TAMS 0x0000000082500000, 0x0000000082400000| Untracked 
|  37|0x0000000082500000, 0x0000000082600000, 0x0000000082600000|100%| O|  |TAMS 0x0000000082600000, 0x0000000082500000| Untracked 
|  38|0x0000000082600000, 0x0000000082700000, 0x0000000082700000|100%| O|  |TAMS 0x0000000082700000, 0x0000000082600000| Untracked 
|  39|0x0000000082700000, 0x0000000082800000, 0x0000000082800000|100%| O|  |TAMS 0x0000000082800000, 0x0000000082700000| Untracked 
|  40|0x0000000082800000, 0x0000000082900000, 0x0000000082900000|100%| O|  |TAMS 0x0000000082900000, 0x0000000082800000| Untracked 
|  41|0x0000000082900000, 0x0000000082a00000, 0x0000000082a00000|100%| O|  |TAMS 0x0000000082a00000, 0x0000000082900000| Untracked 
|  42|0x0000000082a00000, 0x0000000082b00000, 0x0000000082b00000|100%| O|  |TAMS 0x0000000082b00000, 0x0000000082a00000| Untracked 
|  43|0x0000000082b00000, 0x0000000082c00000, 0x0000000082c00000|100%| O|  |TAMS 0x0000000082c00000, 0x0000000082b00000| Untracked 
|  44|0x0000000082c00000, 0x0000000082d00000, 0x0000000082d00000|100%| O|  |TAMS 0x0000000082d00000, 0x0000000082c00000| Untracked 
|  45|0x0000000082d00000, 0x0000000082e00000, 0x0000000082e00000|100%| O|  |TAMS 0x0000000082e00000, 0x0000000082d00000| Untracked 
|  46|0x0000000082e00000, 0x0000000082f00000, 0x0000000082f00000|100%| O|  |TAMS 0x0000000082f00000, 0x0000000082e00000| Untracked 
|  47|0x0000000082f00000, 0x0000000083000000, 0x0000000083000000|100%| O|  |TAMS 0x0000000083000000, 0x0000000082f00000| Untracked 
|  48|0x0000000083000000, 0x0000000083100000, 0x0000000083100000|100%| O|  |TAMS 0x0000000083100000, 0x0000000083000000| Untracked 
|  49|0x0000000083100000, 0x0000000083200000, 0x0000000083200000|100%| O|  |TAMS 0x0000000083200000, 0x0000000083100000| Untracked 
|  50|0x0000000083200000, 0x0000000083300000, 0x0000000083300000|100%| O|  |TAMS 0x0000000083300000, 0x0000000083200000| Untracked 
|  51|0x0000000083300000, 0x0000000083400000, 0x0000000083400000|100%| O|  |TAMS 0x0000000083400000, 0x0000000083300000| Untracked 
|  52|0x0000000083400000, 0x0000000083500000, 0x0000000083500000|100%| O|  |TAMS 0x0000000083500000, 0x0000000083400000| Untracked 
|  53|0x0000000083500000, 0x0000000083600000, 0x0000000083600000|100%| O|  |TAMS 0x0000000083600000, 0x0000000083500000| Untracked 
|  54|0x0000000083600000, 0x0000000083700000, 0x0000000083700000|100%| O|  |TAMS 0x0000000083700000, 0x0000000083600000| Untracked 
|  55|0x0000000083700000, 0x0000000083800000, 0x0000000083800000|100%| O|  |TAMS 0x0000000083800000, 0x0000000083700000| Untracked 
|  56|0x0000000083800000, 0x0000000083900000, 0x0000000083900000|100%| O|  |TAMS 0x0000000083900000, 0x0000000083800000| Untracked 
|  57|0x0000000083900000, 0x0000000083a00000, 0x0000000083a00000|100%| O|  |TAMS 0x0000000083a00000, 0x0000000083900000| Untracked 
|  58|0x0000000083a00000, 0x0000000083b00000, 0x0000000083b00000|100%| O|  |TAMS 0x0000000083b00000, 0x0000000083a00000| Untracked 
|  59|0x0000000083b00000, 0x0000000083c00000, 0x0000000083c00000|100%| O|  |TAMS 0x0000000083c00000, 0x0000000083b00000| Untracked 
|  60|0x0000000083c00000, 0x0000000083d00000, 0x0000000083d00000|100%| O|  |TAMS 0x0000000083d00000, 0x0000000083c00000| Untracked 
|  61|0x0000000083d00000, 0x0000000083e00000, 0x0000000083e00000|100%| O|  |TAMS 0x0000000083e00000, 0x0000000083d00000| Untracked 
|  62|0x0000000083e00000, 0x0000000083f00000, 0x0000000083f00000|100%| O|  |TAMS 0x0000000083f00000, 0x0000000083e00000| Untracked 
|  63|0x0000000083f00000, 0x0000000084000000, 0x0000000084000000|100%| O|  |TAMS 0x0000000084000000, 0x0000000083f00000| Untracked 
|  64|0x0000000084000000, 0x0000000084100000, 0x0000000084100000|100%| O|  |TAMS 0x0000000084100000, 0x0000000084000000| Untracked 
|  65|0x0000000084100000, 0x0000000084200000, 0x0000000084200000|100%| O|  |TAMS 0x0000000084200000, 0x0000000084100000| Untracked 
|  66|0x0000000084200000, 0x0000000084300000, 0x0000000084300000|100%| O|  |TAMS 0x0000000084300000, 0x0000000084200000| Untracked 
|  67|0x0000000084300000, 0x0000000084400000, 0x0000000084400000|100%| O|  |TAMS 0x0000000084400000, 0x0000000084300000| Untracked 
|  68|0x0000000084400000, 0x0000000084500000, 0x0000000084500000|100%| O|  |TAMS 0x0000000084500000, 0x0000000084400000| Untracked 
|  69|0x0000000084500000, 0x0000000084600000, 0x0000000084600000|100%| O|  |TAMS 0x0000000084600000, 0x0000000084500000| Untracked 
|  70|0x0000000084600000, 0x0000000084700000, 0x0000000084700000|100%| O|  |TAMS 0x0000000084700000, 0x0000000084600000| Untracked 
|  71|0x0000000084700000, 0x0000000084800000, 0x0000000084800000|100%| O|  |TAMS 0x0000000084800000, 0x0000000084700000| Untracked 
|  72|0x0000000084800000, 0x0000000084900000, 0x0000000084900000|100%| O|  |TAMS 0x0000000084900000, 0x0000000084800000| Untracked 
|  73|0x0000000084900000, 0x0000000084a00000, 0x0000000084a00000|100%| O|  |TAMS 0x0000000084a00000, 0x0000000084900000| Untracked 
|  74|0x0000000084a00000, 0x0000000084b00000, 0x0000000084b00000|100%| O|  |TAMS 0x0000000084b00000, 0x0000000084a00000| Untracked 
|  75|0x0000000084b00000, 0x0000000084c00000, 0x0000000084c00000|100%| O|  |TAMS 0x0000000084c00000, 0x0000000084b00000| Untracked 
|  76|0x0000000084c00000, 0x0000000084d00000, 0x0000000084d00000|100%| O|  |TAMS 0x0000000084d00000, 0x0000000084c00000| Untracked 
|  77|0x0000000084d00000, 0x0000000084e00000, 0x0000000084e00000|100%| O|  |TAMS 0x0000000084e00000, 0x0000000084d00000| Untracked 
|  78|0x0000000084e00000, 0x0000000084f00000, 0x0000000084f00000|100%| O|  |TAMS 0x0000000084f00000, 0x0000000084e00000| Untracked 
|  79|0x0000000084f00000, 0x0000000085000000, 0x0000000085000000|100%| O|  |TAMS 0x0000000085000000, 0x0000000084f00000| Untracked 
|  80|0x0000000085000000, 0x0000000085100000, 0x0000000085100000|100%| O|  |TAMS 0x0000000085100000, 0x0000000085000000| Untracked 
|  81|0x0000000085100000, 0x0000000085200000, 0x0000000085200000|100%| O|  |TAMS 0x0000000085200000, 0x0000000085100000| Untracked 
|  82|0x0000000085200000, 0x0000000085300000, 0x0000000085300000|100%| O|  |TAMS 0x0000000085300000, 0x0000000085200000| Untracked 
|  83|0x0000000085300000, 0x0000000085392000, 0x0000000085400000| 57%| O|  |TAMS 0x0000000085392000, 0x0000000085300000| Untracked 
|  84|0x0000000085400000, 0x0000000085400000, 0x0000000085500000|  0%| F|  |TAMS 0x0000000085400000, 0x0000000085400000| Untracked 
|  85|0x0000000085500000, 0x0000000085500000, 0x0000000085600000|  0%| F|  |TAMS 0x0000000085500000, 0x0000000085500000| Untracked 
|  86|0x0000000085600000, 0x0000000085600000, 0x0000000085700000|  0%| F|  |TAMS 0x0000000085600000, 0x0000000085600000| Untracked 
|  87|0x0000000085700000, 0x0000000085700000, 0x0000000085800000|  0%| F|  |TAMS 0x0000000085700000, 0x0000000085700000| Untracked 
|  88|0x0000000085800000, 0x0000000085800000, 0x0000000085900000|  0%| F|  |TAMS 0x0000000085800000, 0x0000000085800000| Untracked 
|  89|0x0000000085900000, 0x0000000085900000, 0x0000000085a00000|  0%| F|  |TAMS 0x0000000085900000, 0x0000000085900000| Untracked 
|  90|0x0000000085a00000, 0x0000000085a00000, 0x0000000085b00000|  0%| F|  |TAMS 0x0000000085a00000, 0x0000000085a00000| Untracked 
|  91|0x0000000085b00000, 0x0000000085b00000, 0x0000000085c00000|  0%| F|  |TAMS 0x0000000085b00000, 0x0000000085b00000| Untracked 
|  92|0x0000000085c00000, 0x0000000085c00000, 0x0000000085d00000|  0%| F|  |TAMS 0x0000000085c00000, 0x0000000085c00000| Untracked 
|  93|0x0000000085d00000, 0x0000000085d00000, 0x0000000085e00000|  0%| F|  |TAMS 0x0000000085d00000, 0x0000000085d00000| Untracked 
|  94|0x0000000085e00000, 0x0000000085e00000, 0x0000000085f00000|  0%| F|  |TAMS 0x0000000085e00000, 0x0000000085e00000| Untracked 
|  95|0x0000000085f00000, 0x0000000085f00000, 0x0000000086000000|  0%| F|  |TAMS 0x0000000085f00000, 0x0000000085f00000| Untracked 
|  96|0x0000000086000000, 0x0000000086000000, 0x0000000086100000|  0%| F|  |TAMS 0x0000000086000000, 0x0000000086000000| Untracked 
|  97|0x0000000086100000, 0x0000000086100000, 0x0000000086200000|  0%| F|  |TAMS 0x0000000086100000, 0x0000000086100000| Untracked 
|  98|0x0000000086200000, 0x0000000086200000, 0x0000000086300000|  0%| F|  |TAMS 0x0000000086200000, 0x0000000086200000| Untracked 
|  99|0x0000000086300000, 0x00000000863b3478, 0x0000000086400000| 70%| S|CS|TAMS 0x0000000086300000, 0x0000000086300000| Complete 
| 100|0x0000000086400000, 0x0000000086500000, 0x0000000086500000|100%| S|CS|TAMS 0x0000000086400000, 0x0000000086400000| Complete 
| 101|0x0000000086500000, 0x0000000086500000, 0x0000000086600000|  0%| F|  |TAMS 0x0000000086500000, 0x0000000086500000| Untracked 
| 102|0x0000000086600000, 0x0000000086600000, 0x0000000086700000|  0%| F|  |TAMS 0x0000000086600000, 0x0000000086600000| Untracked 
| 103|0x0000000086700000, 0x0000000086800000, 0x0000000086800000|100%| S|CS|TAMS 0x0000000086700000, 0x0000000086700000| Complete 
| 104|0x0000000086800000, 0x0000000086800000, 0x0000000086900000|  0%| F|  |TAMS 0x0000000086800000, 0x0000000086800000| Untracked 
| 105|0x0000000086900000, 0x0000000086900000, 0x0000000086a00000|  0%| F|  |TAMS 0x0000000086900000, 0x0000000086900000| Untracked 
| 106|0x0000000086a00000, 0x0000000086a00000, 0x0000000086b00000|  0%| F|  |TAMS 0x0000000086a00000, 0x0000000086a00000| Untracked 
| 107|0x0000000086b00000, 0x0000000086b00000, 0x0000000086c00000|  0%| F|  |TAMS 0x0000000086b00000, 0x0000000086b00000| Untracked 
| 108|0x0000000086c00000, 0x0000000086c00000, 0x0000000086d00000|  0%| F|  |TAMS 0x0000000086c00000, 0x0000000086c00000| Untracked 
| 109|0x0000000086d00000, 0x0000000086d00000, 0x0000000086e00000|  0%| F|  |TAMS 0x0000000086d00000, 0x0000000086d00000| Untracked 
| 110|0x0000000086e00000, 0x0000000086e00000, 0x0000000086f00000|  0%| F|  |TAMS 0x0000000086e00000, 0x0000000086e00000| Untracked 
| 111|0x0000000086f00000, 0x0000000086f00000, 0x0000000087000000|  0%| F|  |TAMS 0x0000000086f00000, 0x0000000086f00000| Untracked 
| 112|0x0000000087000000, 0x0000000087000000, 0x0000000087100000|  0%| F|  |TAMS 0x0000000087000000, 0x0000000087000000| Untracked 
| 113|0x0000000087100000, 0x000000008710d198, 0x0000000087200000|  5%| E|  |TAMS 0x0000000087100000, 0x0000000087100000| Complete 
| 114|0x0000000087200000, 0x0000000087300000, 0x0000000087300000|100%| E|CS|TAMS 0x0000000087200000, 0x0000000087200000| Complete 
| 115|0x0000000087300000, 0x0000000087400000, 0x0000000087400000|100%| E|CS|TAMS 0x0000000087300000, 0x0000000087300000| Complete 
| 116|0x0000000087400000, 0x0000000087500000, 0x0000000087500000|100%| E|CS|TAMS 0x0000000087400000, 0x0000000087400000| Complete 
| 117|0x0000000087500000, 0x0000000087600000, 0x0000000087600000|100%| E|CS|TAMS 0x0000000087500000, 0x0000000087500000| Complete 
| 118|0x0000000087600000, 0x0000000087700000, 0x0000000087700000|100%| E|CS|TAMS 0x0000000087600000, 0x0000000087600000| Complete 
| 119|0x0000000087700000, 0x0000000087800000, 0x0000000087800000|100%| E|  |TAMS 0x0000000087700000, 0x0000000087700000| Complete 
| 120|0x0000000087800000, 0x0000000087900000, 0x0000000087900000|100%| E|CS|TAMS 0x0000000087800000, 0x0000000087800000| Complete 
| 121|0x0000000087900000, 0x0000000087a00000, 0x0000000087a00000|100%| E|CS|TAMS 0x0000000087900000, 0x0000000087900000| Complete 
| 122|0x0000000087a00000, 0x0000000087b00000, 0x0000000087b00000|100%| E|CS|TAMS 0x0000000087a00000, 0x0000000087a00000| Complete 
| 123|0x0000000087b00000, 0x0000000087c00000, 0x0000000087c00000|100%| E|CS|TAMS 0x0000000087b00000, 0x0000000087b00000| Complete 
| 124|0x0000000087c00000, 0x0000000087d00000, 0x0000000087d00000|100%| E|CS|TAMS 0x0000000087c00000, 0x0000000087c00000| Complete 
| 125|0x0000000087d00000, 0x0000000087e00000, 0x0000000087e00000|100%| E|CS|TAMS 0x0000000087d00000, 0x0000000087d00000| Complete 
| 126|0x0000000087e00000, 0x0000000087f00000, 0x0000000087f00000|100%| E|CS|TAMS 0x0000000087e00000, 0x0000000087e00000| Complete 
| 127|0x0000000087f00000, 0x0000000088000000, 0x0000000088000000|100%| E|CS|TAMS 0x0000000087f00000, 0x0000000087f00000| Complete 

Card table byte_map: [0x0000000015dd0000,0x00000000161d0000] _byte_map_base: 0x00000000159d0000

Marking Bits (Prev, Next): (CMBitMap*) 0x000000000043bd28, (CMBitMap*) 0x000000000043bd60
 Prev Bits: [0x00000000165d0000, 0x00000000185d0000)
 Next Bits: [0x00000000185d0000, 0x000000001a5d0000)

Polling page: 0x0000000000250000

Metaspace:

Usage:
  Non-class:     80.28 MB capacity,    79.03 MB ( 98%) used,  1021.48 KB (  1%) free+waste,   251.81 KB ( <1%) overhead. 
      Class:     12.44 MB capacity,    11.70 MB ( 94%) used,   651.21 KB (  5%) free+waste,   110.69 KB ( <1%) overhead. 
       Both:     92.72 MB capacity,    90.73 MB ( 98%) used,     1.63 MB (  2%) free+waste,   362.50 KB ( <1%) overhead. 

Virtual space:
  Non-class space:       82.00 MB reserved,      80.37 MB ( 98%) committed 
      Class space:        1.00 GB reserved,      12.50 MB (  1%) committed 
             Both:        1.08 GB reserved,      92.87 MB (  8%) committed 

Chunk freelists:
   Non-Class:  33.00 KB
       Class:  0 bytes
        Both:  33.00 KB

MaxMetaspaceSize: 17179869184.00 GB
CompressedClassSpaceSize: 1.00 GB
Initial GC threshold: 20.80 MB
Current GC threshold: 154.37 MB
CDS: off

CodeHeap 'non-profiled nmethods': size=120064Kb used=7848Kb max_used=7848Kb free=112215Kb
 bounds [0x000000000dce0000, 0x000000000e490000, 0x0000000015220000]
CodeHeap 'profiled nmethods': size=120000Kb used=26376Kb max_used=26376Kb free=93624Kb
 bounds [0x00000000067b0000, 0x0000000008180000, 0x000000000dce0000]
CodeHeap 'non-nmethods': size=5696Kb used=2381Kb max_used=2425Kb free=3314Kb
 bounds [0x0000000006220000, 0x0000000006490000, 0x00000000067b0000]
 total_blobs=12896 nmethods=11994 adapters=814
 compilation: enabled
              stopped_count=0, restarted_count=0
 full_count=0

Compilation events (20 events):
Event: 468.837 Thread 0x000000005d94b000 11991       3       org.gradle.internal.resource.cached.AbstractCachedIndex::lookup (55 bytes)
Event: 468.838 Thread 0x000000005d94b000 nmethod 11991 0x0000000008169b10 code [0x0000000008169d80, 0x000000000816a8a8]
Event: 468.838 Thread 0x000000005d94b000 11992       3       org.gradle.internal.resource.cached.AbstractCachedIndex$$Lambda$524/0x000000001d64b440::get$Lambda (10 bytes)
Event: 468.838 Thread 0x000000005d94b000 nmethod 11992 0x000000000816ac90 code [0x000000000816ae60, 0x000000000816b118]
Event: 468.841 Thread 0x000000005d949800 nmethod 11989 0x000000000e489610 code [0x000000000e489800, 0x000000000e489ad0]
Event: 468.880 Thread 0x000000005d94b000 11993       3       org.gradle.internal.resource.cached.AbstractCachedIndex$$Lambda$524/0x000000001d64b440::create (12 bytes)
Event: 468.881 Thread 0x000000005d94b000 nmethod 11993 0x000000000816b210 code [0x000000000816b3c0, 0x000000000816b508]
Event: 468.881 Thread 0x000000005d94b000 11994       3       org.gradle.internal.resource.cached.AbstractCachedIndex::lambda$lookup$0 (50 bytes)
Event: 468.881 Thread 0x000000005d94b000 nmethod 11994 0x000000000816b610 code [0x000000000816b880, 0x000000000816c458]
Event: 468.881 Thread 0x000000005d94b000 11995       3       org.gradle.internal.resource.cached.AbstractCachedIndex::getPersistentCache (20 bytes)
Event: 468.881 Thread 0x000000005d94b000 nmethod 11995 0x000000000816c810 code [0x000000000816c9e0, 0x000000000816cca8]
Event: 469.005 Thread 0x000000005d949800 11996       4       org.gradle.internal.operations.DefaultBuildOperationListenerManager$ProgressShieldingBuildOperationListener::finished (26 bytes)
Event: 469.006 Thread 0x000000005d949800 nmethod 11996 0x000000000e489e90 code [0x000000000e48a040, 0x000000000e48a128]
Event: 470.045 Thread 0x000000005d94b000 11997       3       org.gradle.internal.component.external.model.DefaultModuleComponentArtifactMetadata::toArtifactIdentifier (12 bytes)
Event: 470.045 Thread 0x000000005d94b000 nmethod 11997 0x000000000816cd90 code [0x000000000816cf40, 0x000000000816d0e8]
Event: 470.045 Thread 0x000000005d94b000 11998       3       org.gradle.api.internal.artifacts.DefaultArtifactIdentifier::<init> (48 bytes)
Event: 470.046 Thread 0x000000005d94b000 nmethod 11998 0x000000000816d190 code [0x000000000816d3e0, 0x000000000816de28]
Event: 470.653 Thread 0x000000005d94b000 11999       3       org.gradle.tooling.internal.provider.runner.PluginApplicationTracker::started (152 bytes)
Event: 470.654 Thread 0x000000005d94b000 nmethod 11999 0x000000000816e190 code [0x000000000816e5a0, 0x0000000008170698]
Event: 470.708 Thread 0x000000005d949800 12000       4       org.gradle.cache.internal.btree.KeyHasher$MessageDigestStream::write (11 bytes)

GC Heap History (20 events):
Event: 273.238 GC heap before
{Heap before GC invocations=25 (full 0):
 garbage-first heap   total 131072K, used 106920K [0x0000000080000000, 0x0000000100000000)
  region size 1024K, 42 young (43008K), 5 survivors (5120K)
 Metaspace       used 82133K, capacity 83912K, committed 83964K, reserved 1122304K
  class space    used 10673K, capacity 11345K, committed 11392K, reserved 1048576K
}
Event: 273.248 GC heap after
{Heap after GC invocations=26 (full 0):
 garbage-first heap   total 131072K, used 72435K [0x0000000080000000, 0x0000000100000000)
  region size 1024K, 6 young (6144K), 6 survivors (6144K)
 Metaspace       used 82133K, capacity 83912K, committed 83964K, reserved 1122304K
  class space    used 10673K, capacity 11345K, committed 11392K, reserved 1048576K
}
Event: 292.476 GC heap before
{Heap before GC invocations=26 (full 0):
 garbage-first heap   total 131072K, used 106227K [0x0000000080000000, 0x0000000100000000)
  region size 1024K, 40 young (40960K), 6 survivors (6144K)
 Metaspace       used 84406K, capacity 86297K, committed 86524K, reserved 1124352K
  class space    used 11037K, capacity 11781K, committed 11904K, reserved 1048576K
}
Event: 292.490 GC heap after
{Heap after GC invocations=27 (full 0):
 garbage-first heap   total 131072K, used 74904K [0x0000000080000000, 0x0000000100000000)
  region size 1024K, 3 young (3072K), 3 survivors (3072K)
 Metaspace       used 84406K, capacity 86297K, committed 86524K, reserved 1124352K
  class space    used 11037K, capacity 11781K, committed 11904K, reserved 1048576K
}
Event: 319.651 GC heap before
{Heap before GC invocations=28 (full 0):
 garbage-first heap   total 131072K, used 107672K [0x0000000080000000, 0x0000000100000000)
  region size 1024K, 36 young (36864K), 3 survivors (3072K)
 Metaspace       used 84664K, capacity 86531K, committed 86780K, reserved 1124352K
  class space    used 11045K, capacity 11790K, committed 11904K, reserved 1048576K
}
Event: 319.660 GC heap after
{Heap after GC invocations=29 (full 0):
 garbage-first heap   total 131072K, used 76801K [0x0000000080000000, 0x0000000100000000)
  region size 1024K, 5 young (5120K), 5 survivors (5120K)
 Metaspace       used 84664K, capacity 86531K, committed 86780K, reserved 1124352K
  class space    used 11045K, capacity 11790K, committed 11904K, reserved 1048576K
}
Event: 331.901 GC heap before
{Heap before GC invocations=29 (full 0):
 garbage-first heap   total 131072K, used 108545K [0x0000000080000000, 0x0000000100000000)
  region size 1024K, 37 young (37888K), 5 survivors (5120K)
 Metaspace       used 85163K, capacity 87142K, committed 87292K, reserved 1124352K
  class space    used 11085K, capacity 11843K, committed 11904K, reserved 1048576K
}
Event: 331.912 GC heap after
{Heap after GC invocations=30 (full 0):
 garbage-first heap   total 131072K, used 79518K [0x0000000080000000, 0x0000000100000000)
  region size 1024K, 5 young (5120K), 5 survivors (5120K)
 Metaspace       used 85163K, capacity 87142K, committed 87292K, reserved 1124352K
  class space    used 11085K, capacity 11843K, committed 11904K, reserved 1048576K
}
Event: 342.991 GC heap before
{Heap before GC invocations=31 (full 0):
 garbage-first heap   total 131072K, used 109214K [0x0000000080000000, 0x0000000100000000)
  region size 1024K, 35 young (35840K), 5 survivors (5120K)
 Metaspace       used 86490K, capacity 88528K, committed 88828K, reserved 1126400K
  class space    used 11264K, capacity 12040K, committed 12160K, reserved 1048576K
}
Event: 342.998 GC heap after
{Heap after GC invocations=32 (full 0):
 garbage-first heap   total 131072K, used 81454K [0x0000000080000000, 0x0000000100000000)
  region size 1024K, 2 young (2048K), 2 survivors (2048K)
 Metaspace       used 86490K, capacity 88528K, committed 88828K, reserved 1126400K
  class space    used 11264K, capacity 12040K, committed 12160K, reserved 1048576K
}
Event: 353.469 GC heap before
{Heap before GC invocations=32 (full 0):
 garbage-first heap   total 131072K, used 110126K [0x0000000080000000, 0x0000000100000000)
  region size 1024K, 30 young (30720K), 2 survivors (2048K)
 Metaspace       used 88470K, capacity 90512K, committed 90876K, reserved 1128448K
  class space    used 11524K, capacity 12296K, committed 12416K, reserved 1048576K
}
Event: 353.474 GC heap after
{Heap after GC invocations=33 (full 0):
 garbage-first heap   total 131072K, used 81649K [0x0000000080000000, 0x0000000100000000)
  region size 1024K, 3 young (3072K), 3 survivors (3072K)
 Metaspace       used 88470K, capacity 90512K, committed 90876K, reserved 1128448K
  class space    used 11524K, capacity 12296K, committed 12416K, reserved 1048576K
}
Event: 360.174 GC heap before
{Heap before GC invocations=34 (full 0):
 garbage-first heap   total 131072K, used 110321K [0x0000000080000000, 0x0000000100000000)
  region size 1024K, 31 young (31744K), 3 survivors (3072K)
 Metaspace       used 90504K, capacity 92523K, committed 92796K, reserved 1130496K
  class space    used 11748K, capacity 12518K, committed 12544K, reserved 1048576K
}
Event: 360.181 GC heap after
{Heap after GC invocations=35 (full 0):
 garbage-first heap   total 131072K, used 83196K [0x0000000080000000, 0x0000000100000000)
  region size 1024K, 4 young (4096K), 4 survivors (4096K)
 Metaspace       used 90504K, capacity 92523K, committed 92796K, reserved 1130496K
  class space    used 11748K, capacity 12518K, committed 12544K, reserved 1048576K
}
Event: 364.530 GC heap before
{Heap before GC invocations=35 (full 0):
 garbage-first heap   total 131072K, used 111868K [0x0000000080000000, 0x0000000100000000)
  region size 1024K, 32 young (32768K), 4 survivors (4096K)
 Metaspace       used 91698K, capacity 93749K, committed 93948K, reserved 1130496K
  class space    used 11866K, capacity 12637K, committed 12672K, reserved 1048576K
}
Event: 364.538 GC heap after
{Heap after GC invocations=36 (full 0):
 garbage-first heap   total 131072K, used 85594K [0x0000000080000000, 0x0000000100000000)
  region size 1024K, 4 young (4096K), 4 survivors (4096K)
 Metaspace       used 91698K, capacity 93749K, committed 93948K, reserved 1130496K
  class space    used 11866K, capacity 12637K, committed 12672K, reserved 1048576K
}
Event: 365.615 GC heap before
{Heap before GC invocations=37 (full 0):
 garbage-first heap   total 131072K, used 110170K [0x0000000080000000, 0x0000000100000000)
  region size 1024K, 29 young (29696K), 4 survivors (4096K)
 Metaspace       used 91781K, capacity 93824K, committed 93948K, reserved 1130496K
  class space    used 11869K, capacity 12638K, committed 12672K, reserved 1048576K
}
Event: 365.624 GC heap after
{Heap after GC invocations=38 (full 0):
 garbage-first heap   total 131072K, used 87541K [0x0000000080000000, 0x0000000100000000)
  region size 1024K, 2 young (2048K), 2 survivors (2048K)
 Metaspace       used 91781K, capacity 93824K, committed 93948K, reserved 1130496K
  class space    used 11869K, capacity 12638K, committed 12672K, reserved 1048576K
}
Event: 463.937 GC heap before
{Heap before GC invocations=38 (full 0):
 garbage-first heap   total 131072K, used 111093K [0x0000000080000000, 0x0000000100000000)
  region size 1024K, 26 young (26624K), 2 survivors (2048K)
 Metaspace       used 92643K, capacity 94643K, committed 94844K, reserved 1132544K
  class space    used 11978K, capacity 12738K, committed 12800K, reserved 1048576K
}
Event: 463.943 GC heap after
{Heap after GC invocations=39 (full 0):
 garbage-first heap   total 131072K, used 88341K [0x0000000080000000, 0x0000000100000000)
  region size 1024K, 3 young (3072K), 3 survivors (3072K)
 Metaspace       used 92643K, capacity 94643K, committed 94844K, reserved 1132544K
  class space    used 11978K, capacity 12738K, committed 12800K, reserved 1048576K
}

Deoptimization events (20 events):
Event: 463.990 Thread 0x000000006121d000 DEOPT PACKING pc=0x000000000e32bff0 sp=0x0000000063dcab90
Event: 463.990 Thread 0x000000006121d000 DEOPT UNPACKING pc=0x000000000626a1af sp=0x0000000063dcab30 mode 2
Event: 463.995 Thread 0x000000006121d000 Uncommon trap: trap_request=0xffffffc6 fr.pc=0x000000000e1a6ba4 relative=0x0000000000000744
Event: 463.995 Thread 0x000000006121d000 Uncommon trap: reason=bimorphic_or_optimized_type_check action=maybe_recompile pc=0x000000000e1a6ba4 method=org.gradle.internal.operations.DefaultBuildOperationListenerManager$ProgressShieldingBuildOperationListener.finished(Lorg/gradle/internal/operation
Event: 463.995 Thread 0x000000006121d000 DEOPT PACKING pc=0x000000000e1a6ba4 sp=0x0000000063dcac80
Event: 463.995 Thread 0x000000006121d000 DEOPT UNPACKING pc=0x000000000626a1af sp=0x0000000063dcac48 mode 2
Event: 463.996 Thread 0x000000006121d000 Uncommon trap: trap_request=0xffffffc6 fr.pc=0x000000000e1a6ba4 relative=0x0000000000000744
Event: 463.996 Thread 0x000000006121d000 Uncommon trap: reason=bimorphic_or_optimized_type_check action=maybe_recompile pc=0x000000000e1a6ba4 method=org.gradle.internal.operations.DefaultBuildOperationListenerManager$ProgressShieldingBuildOperationListener.finished(Lorg/gradle/internal/operation
Event: 463.996 Thread 0x000000006121d000 DEOPT PACKING pc=0x000000000e1a6ba4 sp=0x0000000063dc9f60
Event: 463.996 Thread 0x000000006121d000 DEOPT UNPACKING pc=0x000000000626a1af sp=0x0000000063dc9f28 mode 2
Event: 463.996 Thread 0x000000006121d000 Uncommon trap: trap_request=0xffffffc6 fr.pc=0x000000000e1a6ba4 relative=0x0000000000000744
Event: 463.996 Thread 0x000000006121d000 Uncommon trap: reason=bimorphic_or_optimized_type_check action=maybe_recompile pc=0x000000000e1a6ba4 method=org.gradle.internal.operations.DefaultBuildOperationListenerManager$ProgressShieldingBuildOperationListener.finished(Lorg/gradle/internal/operation
Event: 463.996 Thread 0x000000006121d000 DEOPT PACKING pc=0x000000000e1a6ba4 sp=0x0000000063dcb480
Event: 463.996 Thread 0x000000006121d000 DEOPT UNPACKING pc=0x000000000626a1af sp=0x0000000063dcb448 mode 2
Event: 464.271 Thread 0x000000006121d000 Uncommon trap: trap_request=0xffffffde fr.pc=0x000000000e36c310 relative=0x0000000000001970
Event: 464.271 Thread 0x000000006121d000 Uncommon trap: reason=class_check action=maybe_recompile pc=0x000000000e36c310 method=org.gradle.cache.internal.LockOnDemandCrossProcessCacheAccess.incrementLockCount()V @ 97 c2
Event: 464.271 Thread 0x000000006121d000 DEOPT PACKING pc=0x000000000e36c310 sp=0x0000000063dc7af0
Event: 464.271 Thread 0x000000006121d000 DEOPT UNPACKING pc=0x000000000626a1af sp=0x0000000063dc7b00 mode 2
Event: 466.579 Thread 0x000000006121d000 DEOPT PACKING pc=0x0000000007ff6916 sp=0x0000000063dc87c0
Event: 466.579 Thread 0x000000006121d000 DEOPT UNPACKING pc=0x000000000626a95e sp=0x0000000063dc7ce0 mode 0

Classes redefined (0 events):
No events

Internal exceptions (20 events):
Event: 279.685 Thread 0x0000000061217000 Exception <a 'java/lang/NoSuchMethodError'{0x000000008758aa48}: <clinit>> (0x000000008758aa48) thrown at [./src/hotspot/share/prims/jni.cpp, line 1365]
Event: 279.818 Thread 0x000000006162e800 Exception <a 'java/lang/NoSuchMethodError'{0x0000000087536670}: 'void java.lang.invoke.DirectMethodHandle$Holder.invokeStatic(java.lang.Object, java.lang.Object, java.lang.Object, int)'> (0x0000000087536670) thrown at [./src/hotspot/share/interpreter/linkResolver.cpp, line 773]
Event: 280.660 Thread 0x000000006162e800 Exception <a 'java/lang/IncompatibleClassChangeError'{0x00000000874b37c0}: Found class java.lang.Object, but interface was expected> (0x00000000874b37c0) thrown at [./src/hotspot/share/interpreter/linkResolver.cpp, line 839]
Event: 281.027 Thread 0x000000006162e800 Exception <a 'java/lang/NoSuchMethodError'{0x000000008713c168}: 'int java.lang.invoke.DirectMethodHandle$Holder.invokeStaticInit(java.lang.Object, java.lang.Object, java.lang.Object, java.lang.Object, java.lang.Object)'> (0x000000008713c168) thrown at [./src/hotspot/share/interpreter/linkResolver.cpp, line 773]
Event: 287.506 Thread 0x000000006162e800 Exception <a 'java/lang/NoSuchMethodError'{0x0000000086bfa8d8}: 'void java.lang.invoke.DirectMethodHandle$Holder.invokeStatic(java.lang.Object, java.lang.Object, java.lang.Object, java.lang.Object, int, java.lang.Object, java.lang.Object)'> (0x0000000086bfa8d8) thrown at [./src/hotspot/share/interpreter/linkResolver.cpp, line 773]
Event: 287.767 Thread 0x000000006162e800 Exception <a 'java/lang/NoSuchMethodError'{0x00000000867a8ef0}: 'java.lang.Object java.lang.invoke.DirectMethodHandle$Holder.invokeSpecialIFC(java.lang.Object, java.lang.Object, java.lang.Object)'> (0x00000000867a8ef0) thrown at [./src/hotspot/share/interpreter/linkResolver.cpp, line 773]
Event: 291.517 Thread 0x0000000061645800 Implicit null exception at 0x000000000e29b094 to 0x000000000e29b234
Event: 323.437 Thread 0x000000006162e800 Exception <a 'java/lang/NoSuchMethodError'{0x0000000086f10fd0}: <clinit>> (0x0000000086f10fd0) thrown at [./src/hotspot/share/prims/jni.cpp, line 1365]
Event: 323.437 Thread 0x000000006162e800 Exception <a 'java/lang/NoSuchMethodError'{0x0000000086f13078}: <clinit>> (0x0000000086f13078) thrown at [./src/hotspot/share/prims/jni.cpp, line 1365]
Event: 323.437 Thread 0x000000006162e800 Exception <a 'java/lang/NoSuchMethodError'{0x0000000086f16718}: <clinit>> (0x0000000086f16718) thrown at [./src/hotspot/share/prims/jni.cpp, line 1365]
Event: 323.439 Thread 0x000000006162e800 Exception <a 'java/lang/NoSuchMethodError'{0x0000000086f3b430}: <clinit>> (0x0000000086f3b430) thrown at [./src/hotspot/share/prims/jni.cpp, line 1365]
Event: 323.439 Thread 0x000000006162e800 Exception <a 'java/lang/NoSuchMethodError'{0x0000000086f3d108}: <clinit>> (0x0000000086f3d108) thrown at [./src/hotspot/share/prims/jni.cpp, line 1365]
Event: 361.462 Thread 0x000000006162e800 Implicit null exception at 0x000000000de9e22c to 0x000000000de9e26b
Event: 361.486 Thread 0x000000006162e800 Exception <a 'java/lang/NoSuchMethodError'{0x000000008714bab8}: 'int java.lang.invoke.DirectMethodHandle$Holder.invokeSpecial(java.lang.Object, java.lang.Object, java.lang.Object, java.lang.Object, java.lang.Object)'> (0x000000008714bab8) thrown at [./src/hotspot/share/interpreter/linkResolver.cpp, line 773]
Event: 366.755 Thread 0x000000006162e800 Exception <a 'sun/nio/fs/WindowsException'{0x0000000086fb2558}> (0x0000000086fb2558) thrown at [./src/hotspot/share/prims/jni.cpp, line 615]
Event: 366.755 Thread 0x000000006162e800 Exception <a 'sun/nio/fs/WindowsException'{0x0000000086fb26d8}> (0x0000000086fb26d8) thrown at [./src/hotspot/share/prims/jni.cpp, line 615]
Event: 366.840 Thread 0x000000006162e800 Exception <a 'sun/nio/fs/WindowsException'{0x0000000086fc3d30}> (0x0000000086fc3d30) thrown at [./src/hotspot/share/prims/jni.cpp, line 615]
Event: 373.246 Thread 0x000000005fd2d800 Implicit null exception at 0x000000000ddc04e7 to 0x000000000ddc0a44
Event: 373.246 Thread 0x000000005fd2d800 Implicit null exception at 0x000000000ddbf364 to 0x000000000ddbf8dc
Event: 463.934 Thread 0x000000006121d000 Implicit null exception at 0x000000000e332e35 to 0x000000000e333108

Events (20 events):
Event: 467.648 Thread 0x0000000062c04800 Thread added: 0x0000000062c04800
Event: 467.648 Thread 0x0000000062c05000 Thread added: 0x0000000062c05000
Event: 467.648 Thread 0x0000000062c06000 Thread added: 0x0000000062c06000
Event: 467.648 Thread 0x0000000062c07000 Thread added: 0x0000000062c07000
Event: 467.648 Thread 0x0000000062c07800 Thread added: 0x0000000062c07800
Event: 467.648 Thread 0x0000000062c08800 Thread added: 0x0000000062c08800
Event: 467.649 Thread 0x0000000062c09000 Thread added: 0x0000000062c09000
Event: 467.649 Thread 0x0000000062c0a000 Thread added: 0x0000000062c0a000
Event: 467.649 Thread 0x0000000061998000 Thread added: 0x0000000061998000
Event: 467.649 Thread 0x0000000061998800 Thread added: 0x0000000061998800
Event: 467.649 Thread 0x0000000061999800 Thread added: 0x0000000061999800
Event: 467.649 Thread 0x000000006199a800 Thread added: 0x000000006199a800
Event: 467.649 Thread 0x000000006199b000 Thread added: 0x000000006199b000
Event: 467.649 Thread 0x000000006199c000 Thread added: 0x000000006199c000
Event: 467.649 Thread 0x000000006199d000 Thread added: 0x000000006199d000
Event: 467.650 Thread 0x000000006199d800 Thread added: 0x000000006199d800
Event: 467.650 Thread 0x000000006199e800 Thread added: 0x000000006199e800
Event: 467.650 Thread 0x0000000066826000 Thread added: 0x0000000066826000
Event: 467.650 Thread 0x0000000066827000 Thread added: 0x0000000066827000
Event: 467.650 Thread 0x0000000066828000 Thread added: 0x0000000066828000


Dynamic libraries:
0x000000013f5b0000 - 0x000000013f5ba000 	C:\Program Files\Android\Android Studio\jre\bin\java.exe
0x00000000776f0000 - 0x000000007789a000 	C:\Windows\SYSTEM32\ntdll.dll
0x00000000774d0000 - 0x00000000775ef000 	C:\Windows\system32\kernel32.dll
0x000007fefd750000 - 0x000007fefd7ba000 	C:\Windows\system32\KERNELBASE.dll
0x000007fef1080000 - 0x000007fef1099000 	C:\Program Files\Android\Android Studio\jre\bin\jli.dll
0x000007fefb5f0000 - 0x000007fefb7e4000 	C:\Windows\WinSxS\amd64_microsoft.windows.common-controls_6595b64144ccf1df_6.0.7601.18837_none_fa3b1e3d17594757\COMCTL32.dll
0x000007feff840000 - 0x000007feff8df000 	C:\Windows\system32\msvcrt.dll
0x000007fefe7d0000 - 0x000007fefe837000 	C:\Windows\system32\GDI32.dll
0x00000000775f0000 - 0x00000000776ea000 	C:\Windows\system32\USER32.dll
0x000007fefe840000 - 0x000007fefe84e000 	C:\Windows\system32\LPK.dll
0x000007fefeed0000 - 0x000007fefef9a000 	C:\Windows\system32\USP10.dll
0x000007fefe850000 - 0x000007fefe8c1000 	C:\Windows\system32\SHLWAPI.dll
0x000007fef1060000 - 0x000007fef1077000 	C:\Program Files\Android\Android Studio\jre\bin\VCRUNTIME140.dll
0x000007fef96c0000 - 0x000007fef96c4000 	C:\Windows\system32\api-ms-win-crt-runtime-l1-1-0.dll
0x000007fef1b00000 - 0x000007fef1bf4000 	C:\Windows\system32\ucrtbase.DLL
0x000007fef96b0000 - 0x000007fef96b3000 	C:\Windows\system32\api-ms-win-core-timezone-l1-1-0.dll
0x000007fef7f80000 - 0x000007fef7f83000 	C:\Windows\system32\api-ms-win-core-file-l2-1-0.dll
0x000007fef9680000 - 0x000007fef9683000 	C:\Windows\system32\api-ms-win-core-localization-l1-2-0.dll
0x000007fef5de0000 - 0x000007fef5de3000 	C:\Windows\system32\api-ms-win-core-synch-l1-2-0.dll
0x000007fef7f60000 - 0x000007fef7f63000 	C:\Windows\system32\api-ms-win-core-processthreads-l1-1-1.dll
0x000007fef7f70000 - 0x000007fef7f73000 	C:\Windows\system32\api-ms-win-core-file-l1-2-0.dll
0x000007fef7f40000 - 0x000007fef7f44000 	C:\Windows\system32\api-ms-win-crt-string-l1-1-0.dll
0x000007fef7f50000 - 0x000007fef7f53000 	C:\Windows\system32\api-ms-win-crt-heap-l1-1-0.dll
0x000007fef7f20000 - 0x000007fef7f24000 	C:\Windows\system32\api-ms-win-crt-stdio-l1-1-0.dll
0x000007fef7f30000 - 0x000007fef7f34000 	C:\Windows\system32\api-ms-win-crt-convert-l1-1-0.dll
0x000007fef64d0000 - 0x000007fef64d3000 	C:\Windows\system32\api-ms-win-crt-environment-l1-1-0.dll
0x000007fef64c0000 - 0x000007fef64c3000 	C:\Windows\system32\api-ms-win-crt-filesystem-l1-1-0.dll
0x000007fef6490000 - 0x000007fef6495000 	C:\Windows\system32\api-ms-win-crt-math-l1-1-0.dll
0x000007fef3e70000 - 0x000007fef3e73000 	C:\Windows\system32\api-ms-win-crt-locale-l1-1-0.dll
0x000007feff630000 - 0x000007feff65e000 	C:\Windows\system32\IMM32.DLL
0x000007feff8f0000 - 0x000007feff9f9000 	C:\Windows\system32\MSCTF.dll
0x000007fef0a30000 - 0x000007fef0acd000 	C:\Program Files\Android\Android Studio\jre\bin\msvcp140.dll
0x000007fef3e60000 - 0x000007fef3e65000 	C:\Windows\system32\api-ms-win-crt-multibyte-l1-1-0.dll
0x000007fef6460000 - 0x000007fef6463000 	C:\Windows\system32\api-ms-win-crt-time-l1-1-0.dll
0x000007fef7f10000 - 0x000007fef7f13000 	C:\Windows\system32\api-ms-win-crt-utility-l1-1-0.dll
0x000007fee2cf0000 - 0x000007fee37d5000 	C:\Program Files\Android\Android Studio\jre\bin\server\jvm.dll
0x000007fefe590000 - 0x000007fefe66b000 	C:\Windows\system32\ADVAPI32.dll
0x000007fefed80000 - 0x000007fefed9f000 	C:\Windows\SYSTEM32\sechost.dll
0x000007fefeda0000 - 0x000007fefeecd000 	C:\Windows\system32\RPCRT4.dll
0x000007fef0830000 - 0x000007fef0839000 	C:\Windows\system32\WSOCK32.dll
0x000007feff7f0000 - 0x000007feff83d000 	C:\Windows\system32\WS2_32.dll
0x000007feff8e0000 - 0x000007feff8e8000 	C:\Windows\system32\NSI.dll
0x000007fefb550000 - 0x000007fefb58b000 	C:\Windows\system32\WINMM.dll
0x000007fefc4f0000 - 0x000007fefc4fc000 	C:\Windows\system32\VERSION.dll
0x00000000778c0000 - 0x00000000778c7000 	C:\Windows\system32\PSAPI.DLL
0x000007fef4020000 - 0x000007fef4031000 	C:\Program Files\Android\Android Studio\jre\bin\verify.dll
0x000007fef3640000 - 0x000007fef3765000 	C:\Windows\system32\DBGHELP.DLL
0x000007fef2b90000 - 0x000007fef2bb9000 	C:\Program Files\Android\Android Studio\jre\bin\java.dll
0x000007fef6470000 - 0x000007fef647b000 	C:\Program Files\Android\Android Studio\jre\bin\jimage.dll
0x000007fef61a0000 - 0x000007fef61b8000 	C:\Program Files\Android\Android Studio\jre\bin\zip.dll
0x000007fefd800000 - 0x000007fefe58a000 	C:\Windows\system32\SHELL32.dll
0x000007feff280000 - 0x000007feff483000 	C:\Windows\system32\ole32.dll
0x000007fefd420000 - 0x000007fefd42f000 	C:\Windows\system32\profapi.dll
0x000007fef3ee0000 - 0x000007fef3efa000 	C:\Program Files\Android\Android Studio\jre\bin\net.dll
0x000007fefaf60000 - 0x000007fefafd1000 	C:\Windows\system32\WINHTTP.dll
0x000007fefaef0000 - 0x000007fefaf55000 	C:\Windows\system32\webio.dll
0x000007fefcbc0000 - 0x000007fefcc15000 	C:\Windows\system32\mswsock.dll
0x000007fefcbb0000 - 0x000007fefcbb7000 	C:\Windows\System32\wship6.dll
0x000007fef3f20000 - 0x000007fef3f34000 	C:\Program Files\Android\Android Studio\jre\bin\nio.dll
0x000007fef1250000 - 0x000007fef1277000 	C:\Users\Admin\.gradle\native\e1d6ef7f7dcc3fd88c89a11ec53ec762bb8ba0a96d01ffa2cd45eb1d1d8dd5c5\windows-amd64\native-platform.dll
0x000007fef3e80000 - 0x000007fef3e8a000 	C:\Program Files\Android\Android Studio\jre\bin\management.dll
0x000007fef4010000 - 0x000007fef401d000 	C:\Program Files\Android\Android Studio\jre\bin\management_ext.dll
0x000007fefcc20000 - 0x000007fefcc38000 	C:\Windows\system32\CRYPTSP.dll
0x000007fefc920000 - 0x000007fefc967000 	C:\Windows\system32\rsaenh.dll
0x000007fefd440000 - 0x000007fefd45e000 	C:\Windows\system32\USERENV.dll
0x000007fefd280000 - 0x000007fefd28f000 	C:\Windows\system32\CRYPTBASE.dll
0x000007fefb1c0000 - 0x000007fefb1e7000 	C:\Windows\system32\IPHLPAPI.DLL
0x000007fefb1b0000 - 0x000007fefb1bb000 	C:\Windows\system32\WINNSI.DLL
0x000007fefae50000 - 0x000007fefae61000 	C:\Windows\system32\dhcpcsvc6.DLL
0x000007fefb060000 - 0x000007fefb078000 	C:\Windows\system32\dhcpcsvc.DLL

dbghelp: loaded successfully - version: 4.0.5 - missing functions: none
symbol engine: initialized successfully - sym options: 0x614 - pdb path: .;C:\Program Files\Android\Android Studio\jre\bin;C:\Windows\SYSTEM32;C:\Windows\WinSxS\amd64_microsoft.windows.common-controls_6595b64144ccf1df_6.0.7601.18837_none_fa3b1e3d17594757;C:\Program Files\Android\Android Studio\jre\bin\server;C:\Users\Admin\.gradle\native\e1d6ef7f7dcc3fd88c89a11ec53ec762bb8ba0a96d01ffa2cd45eb1d1d8dd5c5\windows-amd64

VM Arguments:
jvm_args: --add-opens=java.base/java.util=ALL-UNNAMED --add-opens=java.base/java.lang=ALL-UNNAMED --add-opens=java.base/java.lang.invoke=ALL-UNNAMED --add-opens=java.base/java.util=ALL-UNNAMED --add-opens=java.prefs/java.util.prefs=ALL-UNNAMED --add-opens=java.prefs/java.util.prefs=ALL-UNNAMED --add-opens=java.base/java.nio.charset=ALL-UNNAMED --add-opens=java.base/java.net=ALL-UNNAMED --add-opens=java.base/java.util.concurrent.atomic=ALL-UNNAMED -Xmx2048m -Dfile.encoding=UTF-8 -Duser.country=RU -Duser.language=ru -Duser.variant 
java_command: org.gradle.launcher.daemon.bootstrap.GradleDaemon 7.3.3
java_class_path (initial): C:\Users\Admin\.gradle\wrapper\dists\gradle-7.3.3-bin\6a41zxkdtcxs8rphpq6y0069z\gradle-7.3.3\lib\gradle-launcher-7.3.3.jar
Launcher Type: SUN_STANDARD

[Global flags]
     intx CICompilerCount                          = 3                                         {product} {ergonomic}
     uint ConcGCThreads                            = 1                                         {product} {ergonomic}
     uint G1ConcRefinementThreads                  = 4                                         {product} {ergonomic}
   size_t G1HeapRegionSize                         = 1048576                                   {product} {ergonomic}
    uintx GCDrainStackTargetSize                   = 64                                        {product} {ergonomic}
   size_t InitialHeapSize                          = 134217728                                 {product} {ergonomic}
   size_t MarkStackSize                            = 4194304                                   {product} {ergonomic}
   size_t MaxHeapSize                              = 2147483648                                {product} {command line}
   size_t MaxNewSize                               = 1287651328                                {product} {ergonomic}
   size_t MinHeapDeltaBytes                        = 1048576                                   {product} {ergonomic}
    uintx NonNMethodCodeHeapSize                   = 5830732                                {pd product} {ergonomic}
    uintx NonProfiledCodeHeapSize                  = 122913754                              {pd product} {ergonomic}
    uintx ProfiledCodeHeapSize                     = 122913754                              {pd product} {ergonomic}
    uintx ReservedCodeCacheSize                    = 251658240                              {pd product} {ergonomic}
     bool SegmentedCodeCache                       = true                                      {product} {ergonomic}
     bool UseCompressedClassPointers               = true                                 {lp64_product} {ergonomic}
     bool UseCompressedOops                        = true                                 {lp64_product} {ergonomic}
     bool UseG1GC                                  = true                                      {product} {ergonomic}
     bool UseLargePagesIndividualAllocation        = false                                  {pd product} {ergonomic}

Logging:
Log output configuration:
 #0: stdout all=warning uptime,level,tags
 #1: stderr all=off uptime,level,tags

Environment Variables:
JAVA_HOME=C:\Program Files\Java\jre7
PATH=C:\PROGRA~2\Borland\CBUILD~1\Bin;C:\PROGRA~2\Borland\CBUILD~1\Projects\Bpl;C:\Program Files (x86)\EDC Electronic\bin;C:\Windows\system32;C:\Windows;C:\Windows\System32\Wbem;C:\Windows\System32\WindowsPowerShell\v1.0\;c:\Program Files (x86)\Microsoft SQL Server\100\Tools\Binn\;c:\Program Files\Microsoft SQL Server\100\Tools\Binn\;c:\Program Files\Microsoft SQL Server\100\DTS\Binn\;C:\neuro\bin;C:\TASM32\BIN;c:\altera\81\quartus\bin;C:\PROJECT\rbf2pof;C:\WinDDK\7600.16385.1\bin;C:\Program Files\Java\jre8\bin;C:\neuro\bin;C:\MODULE\mc12101_flash_prog_v_03_03\bin;C:\Program Files\dotnet\;C:\Program Files\Microsoft SQL Server\130\Tools\Binn\;C:\neuro\bin;C:\Program Files\Git\cmd
USERNAME=Admin
OS=Windows_NT
PROCESSOR_IDENTIFIER=Intel64 Family 6 Model 42 Stepping 7, GenuineIntel



---------------  S Y S T E M  ---------------

OS: Windows 7 , 64 bit Build 7601 (6.1.7601.23572)
OS uptime: 0 days 1:08 hours

CPU:total 4 (initial active 4) (4 cores per cpu, 1 threads per core) family 6 model 42 stepping 7 microcode 0x0, cmov, cx8, fxsr, mmx, sse, sse2, sse3, ssse3, sse4.1, sse4.2, popcnt, avx, aes, clmul, tsc, tscinvbit

Memory: 4k page, system-wide physical 8096M (300M free)
TotalPageFile size 8095M (AvailPageFile size 4M)
current process WorkingSet (physical memory assigned to process): 361M, peak: 391M
current process commit charge ("private bytes"): 397M, peak: 429M

vm_info: OpenJDK 64-Bit Server VM (11.0.12+7-b1504.28-7817840) for windows-amd64 JRE (11.0.12+7-b1504.28-7817840), built on Oct 13 2021 22:12:33 by "builder" with MS VC++ 14.0 (VS2015)

END.
